#
# There is insufficient memory for the Java Runtime Environment to continue.
# Native memory allocation (mmap) failed to map 65536 bytes for Failed to commit area from 0x000001d897710000 to 0x000001d897720000 of length 65536.
# Possible reasons:
#   The system is out of physical RAM or swap space
#   The process is running with CompressedOops enabled, and the Java Heap may be blocking the growth of the native heap
# Possible solutions:
#   Reduce memory load on the system
#   Increase physical memory or swap space
#   Check if swap backing store is full
#   Decrease Java heap size (-Xmx/-Xms)
#   Decrease number of Java threads
#   Decrease Java thread stack sizes (-Xss)
#   Set larger code cache with -XX:ReservedCodeCacheSize=
# This output file may be truncated or incomplete.
#
#  Out of Memory Error (./src/hotspot/os/windows/os_windows.cpp:3303), pid=43768, tid=35484
#
# JRE version:  (11.0.7+10) (build )
# Java VM: OpenJDK 64-Bit Server VM (11.0.7+10-b765.64, mixed mode, sharing, tiered, compressed oops, g1 gc, windows-amd64)
# No core dump will be written. Minidumps are not enabled by default on client versions of Windows
#

---------------  S U M M A R Y ------------

Command Line: org.jetbrains.git4idea.http.GitAskPassApp Username for 'https://github.com': 

Host: AMD Ryzen 9 5900X 12-Core Processor            , 24 cores, 31G,  Windows 10 , 64 bit Build 19041 (10.0.19041.1806)
Time: Thu Jul 21 05:52:20 2022 China Standard Time elapsed time: 0 seconds (0d 0h 0m 0s)

---------------  T H R E A D  ---------------

Current thread (0x000001d8f6db3800):  JavaThread "Unknown thread" [_thread_in_vm, id=35484, stack(0x0000008ffbf00000,0x0000008ffc000000)]

Stack: [0x0000008ffbf00000,0x0000008ffc000000]
Native frames: (J=compiled Java code, j=interpreted, Vv=VM code, C=native code)
V  [jvm.dll+0x5dda4a]
V  [jvm.dll+0x711595]
V  [jvm.dll+0x712aed]
V  [jvm.dll+0x7131a3]
V  [jvm.dll+0x23e368]
V  [jvm.dll+0x5daf04]
V  [jvm.dll+0x5d0085]
V  [jvm.dll+0x2fb0cb]
V  [jvm.dll+0x2fb03a]
V  [jvm.dll+0x2faf12]
V  [jvm.dll+0x2fff05]
V  [jvm.dll+0x3483b7]
V  [jvm.dll+0x348a96]
V  [jvm.dll+0x348493]
V  [jvm.dll+0x2d59e8]
V  [jvm.dll+0x2d6b87]
V  [jvm.dll+0x6f04e7]
V  [jvm.dll+0x6f1cdc]
V  [jvm.dll+0x355909]
V  [jvm.dll+0x6d42ae]
V  [jvm.dll+0x3bda13]
V  [jvm.dll+0x3bfc51]
C  [jli.dll+0x5363]
C  [ucrtbase.dll+0x21bb2]
C  [KERNEL32.DLL+0x17034]
C  [ntdll.dll+0x52651]


---------------  P R O C E S S  ---------------

Threads class SMR info:
_java_thread_list=0x000001d8f4ad2a90, length=0, elements={
}

Java Threads: ( => current thread )

Other Threads:
  0x000001d8f6dcd000 GCTaskThread "GC Thread#0" [stack: 0x0000008ffc000000,0x0000008ffc100000] [id=32588]
  0x000001d8f6e4c800 ConcurrentGCThread "G1 Main Marker" [stack: 0x0000008ffc100000,0x0000008ffc200000] [id=40572]
  0x000001d8f6e4f000 ConcurrentGCThread "G1 Conc#0" [stack: 0x0000008ffc200000,0x0000008ffc300000] [id=5104]

[error occurred during error reporting (printing all threads), id 0xc0000005, EXCEPTION_ACCESS_VIOLATION (0xc0000005) at pc=0x00007fff66645fc7]

VM state:not at safepoint (not fully initialized)

VM Mutex/Monitor currently owned by a thread:  ([mutex/lock_event])
[0x000001d8f6daf6d0] Heap_lock - owner thread: 0x000001d8f6db3800

Heap address: 0x0000000601400000, size: 8172 MB, Compressed Oops mode: Non-zero based: 0x0000000601400000
Narrow klass base: 0x0000000000000000, Narrow klass shift: 0

GC Heap History (0 events):
No events

Deoptimization events (0 events):
No events

Classes redefined (0 events):
No events

Internal exceptions (0 events):
No events

Events (2 events):
Event: 0.004 Loaded shared library C:\Program Files\JetBrains\IntelliJ IDEA Community Edition 2020.1.3\jbr\bin\zip.dll
Event: 0.004 Loaded shared library C:\Program Files\JetBrains\IntelliJ IDEA Community Edition 2020.1.3\jbr\bin\jimage.dll


Dynamic libraries:
0x00007ff7d0e00000 - 0x00007ff7d0e0a000 	C:\Program Files\JetBrains\IntelliJ IDEA Community Edition 2020.1.3\jbr\bin\java.exe
0x00007ff81edd0000 - 0x00007ff81efc8000 	C:\WINDOWS\SYSTEM32\ntdll.dll
0x00007ff81d000000 - 0x00007ff81d0bd000 	C:\WINDOWS\System32\KERNEL32.DLL
0x00007ff81c750000 - 0x00007ff81ca1e000 	C:\WINDOWS\System32\KERNELBASE.dll
0x00007ff81ca20000 - 0x00007ff81cb20000 	C:\WINDOWS\System32\ucrtbase.dll
0x00007fffea440000 - 0x00007fffea457000 	C:\Program Files\JetBrains\IntelliJ IDEA Community Edition 2020.1.3\jbr\bin\VCRUNTIME140.dll
0x00007fffe3180000 - 0x00007fffe3199000 	C:\Program Files\JetBrains\IntelliJ IDEA Community Edition 2020.1.3\jbr\bin\jli.dll
0x00007ff81dd80000 - 0x00007ff81df20000 	C:\WINDOWS\System32\USER32.dll
0x00007ff807f90000 - 0x00007ff80822a000 	C:\WINDOWS\WinSxS\amd64_microsoft.windows.common-controls_6595b64144ccf1df_6.0.19041.1110_none_60b5254171f9507e\COMCTL32.dll
0x00007ff81ccf0000 - 0x00007ff81cd12000 	C:\WINDOWS\System32\win32u.dll
0x00007ff81e410000 - 0x00007ff81e4ae000 	C:\WINDOWS\System32\msvcrt.dll
0x00007ff81ec10000 - 0x00007ff81ec3a000 	C:\WINDOWS\System32\GDI32.dll
0x00007ff81cd20000 - 0x00007ff81ce2b000 	C:\WINDOWS\System32\gdi32full.dll
0x00007ff81cba0000 - 0x00007ff81cc3d000 	C:\WINDOWS\System32\msvcp_win.dll
0x00007ff81e010000 - 0x00007ff81e040000 	C:\WINDOWS\System32\IMM32.DLL
0x00007fffdb420000 - 0x00007fffdb4bd000 	C:\Program Files\JetBrains\IntelliJ IDEA Community Edition 2020.1.3\jbr\bin\msvcp140.dll
0x00007fff66360000 - 0x00007fff66e1b000 	C:\Program Files\JetBrains\IntelliJ IDEA Community Edition 2020.1.3\jbr\bin\server\jvm.dll
0x00007ff81ec40000 - 0x00007ff81ecee000 	C:\WINDOWS\System32\ADVAPI32.dll
0x00007ff81ecf0000 - 0x00007ff81ed8c000 	C:\WINDOWS\System32\sechost.dll
0x00007ff81d530000 - 0x00007ff81d655000 	C:\WINDOWS\System32\RPCRT4.dll
0x00007ff81d930000 - 0x00007ff81d938000 	C:\WINDOWS\System32\PSAPI.DLL
0x00007fffff770000 - 0x00007fffff779000 	C:\WINDOWS\SYSTEM32\WSOCK32.dll
0x00007ff813a60000 - 0x00007ff813a6a000 	C:\WINDOWS\SYSTEM32\VERSION.dll
0x00007ff80f900000 - 0x00007ff80f927000 	C:\WINDOWS\SYSTEM32\WINMM.dll
0x00007ff81e040000 - 0x00007ff81e0ab000 	C:\WINDOWS\System32\WS2_32.dll
0x00007ff81ada0000 - 0x00007ff81adb2000 	C:\WINDOWS\SYSTEM32\kernel.appcore.dll
0x00007ff818ba0000 - 0x00007ff818bb1000 	C:\Program Files\JetBrains\IntelliJ IDEA Community Edition 2020.1.3\jbr\bin\verify.dll
0x00007ff81a270000 - 0x00007ff81a454000 	C:\WINDOWS\SYSTEM32\DBGHELP.DLL
0x00007ff803760000 - 0x00007ff80378c000 	C:\WINDOWS\SYSTEM32\dbgcore.DLL
0x00007ff81c560000 - 0x00007ff81c5e2000 	C:\WINDOWS\System32\bcryptPrimitives.dll
0x00007ff803070000 - 0x00007ff803099000 	C:\Program Files\JetBrains\IntelliJ IDEA Community Edition 2020.1.3\jbr\bin\java.dll
0x00007ff818b80000 - 0x00007ff818b98000 	C:\Program Files\JetBrains\IntelliJ IDEA Community Edition 2020.1.3\jbr\bin\zip.dll
0x00007ff818b50000 - 0x00007ff818b5b000 	C:\Program Files\JetBrains\IntelliJ IDEA Community Edition 2020.1.3\jbr\bin\jimage.dll

dbghelp: loaded successfully - version: 4.0.5 - missing functions: none
symbol engine: initialized successfully - sym options: 0x614 - pdb path: .;C:\Program Files\JetBrains\IntelliJ IDEA Community Edition 2020.1.3\jbr\bin;C:\WINDOWS\SYSTEM32;C:\WINDOWS\WinSxS\amd64_microsoft.windows.common-controls_6595b64144ccf1df_6.0.19041.1110_none_60b5254171f9507e;C:\Program Files\JetBrains\IntelliJ IDEA Community Edition 2020.1.3\jbr\bin\server

VM Arguments:
java_command: org.jetbrains.git4idea.http.GitAskPassApp Username for 'https://github.com': 
java_class_path (initial): C:/Program Files/JetBrains/IntelliJ IDEA Community Edition 2020.1.3/plugins/git4idea/lib/git4idea-rt.jar;C:/Program Files/JetBrains/IntelliJ IDEA Community Edition 2020.1.3/lib/xmlrpc-2.0.1.jar;C:/Program Files/JetBrains/IntelliJ IDEA Community Edition 2020.1.3/lib/commons-codec-1.14.jar;C:/Program Files/JetBrains/IntelliJ IDEA Community Edition 2020.1.3/lib/util.jar
Launcher Type: SUN_STANDARD

[Global flags]
     intx CICompilerCount                          = 12                                        {product} {ergonomic}
     uint ConcGCThreads                            = 5                                         {product} {ergonomic}
     uint G1ConcRefinementThreads                  = 18                                        {product} {ergonomic}
   size_t G1HeapRegionSize                         = 2097152                                   {product} {ergonomic}
    uintx GCDrainStackTargetSize                   = 64                                        {product} {ergonomic}
   size_t InitialHeapSize                          = 536870912                                 {product} {ergonomic}
   size_t MarkStackSize                            = 4194304                                   {product} {ergonomic}
   size_t MaxHeapSize                              = 8568963072                                {product} {ergonomic}
   size_t MinHeapDeltaBytes                        = 2097152                                   {product} {ergonomic}
    uintx NonNMethodCodeHeapSize                   = 7594288                                {pd product} {ergonomic}
    uintx NonProfiledCodeHeapSize                  = 122031976                              {pd product} {ergonomic}
    uintx ProfiledCodeHeapSize                     = 122031976                              {pd product} {ergonomic}
    uintx ReservedCodeCacheSize                    = 251658240                              {pd product} {ergonomic}
     bool SegmentedCodeCache                       = true                                      {product} {ergonomic}
     bool UseCompressedClassPointers               = true                                 {lp64_product} {ergonomic}
     bool UseCompressedOops                        = true                                 {lp64_product} {ergonomic}
     bool UseG1GC                                  = true                                      {product} {ergonomic}
     bool UseLargePagesIndividualAllocation        = false                                  {pd product} {ergonomic}

Logging:
Log output configuration:
 #0: stdout all=warning uptime,level,tags
 #1: stderr all=off uptime,level,tags

Environment Variables:
JAVA_HOME=C:\Program Files\Eclipse Adoptium\jdk-17.0.3.7-hotspot
PATH=C:\Program Files\PortableGit\mingw64\libexec\git-core;C:\Program Files\PortableGit\mingw64\libexec\git-core;C:\Program Files\PortableGit\mingw64\bin;C:\Program Files\PortableGit\usr\bin;C:\Users\Administrator\bin;C:\Program Files\Eclipse Adoptium\jdk-17.0.3.7-hotspot\bin;C:\Program Files (x86)\Common Files\Intel\Shared Libraries\redist\intel64_win\compiler;C:\ProgramData\Oracle\Java\javapath;C:\Windows\system32;C:\Windows;C:\Windows\System32\Wbem;C:\Windows\System32\WindowsPowerShell\v1.0;C:\Windows\System32\OpenSSH;C:\Program Files (x86)\NVIDIA Corporation\PhysX\Common;C:\Program Files\NVIDIA Corporation\NVIDIA NvDLISR;C:\Program Files\PuTTY;C:\Program Files\WorldPainter;D:\apache-maven-3.6.3\bin;C:\Program Files\Java\jdk-14.0.1\bin;C:\WINDOWS\system32;C:\WINDOWS;C:\WINDOWS\System32\Wbem;C:\WINDOWS\System32\WindowsPowerShell\v1.0;C:\WINDOWS\System32\OpenSSH;C:\Program Files\nodejs;C:\Gradle\bin;C:\Program Files\dotnet;C:\Program Files\Microsoft SQL Server\130\Tools\Binn;C:\Program Files\Microsoft SQL Server\Client SDK\ODBC\170\Tools\Binn;E:\MATLAB\bin;C:\Program Files\PortableGit\cmd;C:\Users\Administrator\AppData\Local\Microsoft\WindowsApps;C:\Program Files\Bandizip;C:\Users\Administrator\AppData\Local\Programs\Microsoft VS Code\bin;C:\Program Files\Java\jdk-14.0.1\bin;D:\apache-maven-3.6.3\bin;C:\Program Files\JetBrains\IntelliJ IDEA Community Edition 2020.1.3\bin;C:\Users\Administrator\AppData\Roaming\npm;C:\Users\Administrator\.dotnet\tools
USERNAME=Administrator
DISPLAY=:0.0
OS=Windows_NT
PROCESSOR_IDENTIFIER=AMD64 Family 25 Model 33 Stepping 0, AuthenticAMD



---------------  S Y S T E M  ---------------

OS: Windows 10 , 64 bit Build 19041 (10.0.19041.1806)
OS uptime: 1 days 20:29 hours

CPU:total 24 (initial active 24) (24 cores per cpu, 2 threads per core) family 25 model 33 stepping 0, cmov, cx8, fxsr, mmx, sse, sse2, sse3, ssse3, sse4.1, sse4.2, popcnt, avx, avx2, aes, clmul, erms, mmxext, 3dnowpref, lzcnt, sse4a, ht, tsc, tscinvbit, tscinv, bmi1, bmi2, adx, sha, fma

Memory: 4k page, system-wide physical 32682M (9845M free)
TotalPageFile size 51732M (AvailPageFile size 6M)
current process WorkingSet (physical memory assigned to process): 19M, peak: 19M
current process commit charge ("private bytes"): 610M, peak: 610M

vm_info: OpenJDK 64-Bit Server VM (11.0.7+10-b765.64) for windows-amd64 JRE (11.0.7+10-b765.64), built on Jun 22 2020 14:48:21 by "" with MS VC++ 14.0 (VS2015)

END.
